<?xml version="1.0" encoding="UTF-8"?>
<!-- Generated by org.testng.reporters.JUnitReportReporter -->
<testsuite hostname="LAPTOP-TSICOJ5G" failures="0" tests="3" name="test.PIMTest" time="2.101" errors="0" timestamp="2023-02-14T19:21:55 IST" skipped="0">
  <testcase classname="test.PIMTest" name="verifyPimPageTitle" time="1.975"/>
  <system-out/>
  <testcase classname="test.PIMTest" name="verifyEmpSearchEmpId" time="0.125"/>
  <system-out/>
  <testcase classname="test.PIMTest" name="TestIngChanges" time="0.001"/>
  <system-out/>
</testsuite> <!-- test.PIMTest -->
