<?xml version="1.0" encoding="UTF-8"?>
<!-- Generated by org.testng.reporters.JUnitReportReporter -->
<testsuite hostname="LAPTOP-TSICOJ5G" failures="0" tests="4" name="test.LoginTest" time="2.460" errors="0" timestamp="2023-02-14T19:19:44 IST" skipped="0">
  <testcase classname="test.LoginTest" name="verifyBuildTitleName" time="0.059"/>
  <system-out/>
  <testcase classname="test.LoginTest" name="verifyTitleOfLoginPage" time="0.297"/>
  <system-out/>
  <testcase classname="test.LoginTest" name="verifyCurrentUrlOfPage" time="0.008"/>
  <system-out/>
  <testcase classname="test.LoginTest" name="verifyLoginWithCorrectCredentials" time="2.096"/>
  <system-out/>
</testsuite> <!-- test.LoginTest -->
