<?xml version="1.0" encoding="UTF-8"?>
<!-- Generated by org.testng.reporters.JUnitReportReporter -->
<testsuite hostname="LAPTOP-TSICOJ5G" failures="0" tests="3" name="test.PIMTest" time="2.233" errors="0" timestamp="2023-02-14T19:19:44 IST" skipped="0">
  <testcase classname="test.PIMTest" name="verifyPimPageTitle" time="2.102"/>
  <system-out/>
  <testcase classname="test.PIMTest" name="verifyEmpSearchEmpId" time="0.131"/>
  <system-out/>
  <testcase classname="test.PIMTest" name="TestIngChanges" time="0.000"/>
  <system-out/>
</testsuite> <!-- test.PIMTest -->
